<?xml version="1.0" encoding="UTF-8"?>
<!-- Generated by org.testng.reporters.JUnitReportReporter -->
<testsuite hostname="Abhijeets-MacBook-Air.local" failures="0" tests="1" name="stepDefinition.NewTest" time="171.086" errors="0" timestamp="2022-12-06T19:04:30 IST" skipped="0">
  <testcase classname="stepDefinition.NewTest" name="comparisonCheck" time="171.086"/>
  <system-out/>
</testsuite> <!-- stepDefinition.NewTest -->
